[fll-events.firstisrael.org.il/tools/scorer9ed2.html]
[fll-events.firstisrael.org.il/_next/static/chunks/3391fcb4957e432d.css]
[fll-events.firstisrael.org.il/_next/static/chunks/d20e931670e17f9e.js]
[fll-events.firstisrael.org.il/_next/static/chunks/79d1fd3fa7f24b40.js]
[fll-events.firstisrael.org.il/_next/static/chunks/f42f5f04977fe255.js]
[fll-events.firstisrael.org.il/_next/static/chunks/95bdbd10f76f1d85.js]
[fll-events.firstisrael.org.il/_next/static/chunks/turbopack-32728c1e9462b44b.js]
[fll-events.firstisrael.org.il/_next/static/chunks/d96012bcfc98706a.js]
[fll-events.firstisrael.org.il/_next/static/chunks/9e80aaa07d4729bb.js]
[fll-events.firstisrael.org.il/_next/static/chunks/9a5ae600b69db2d1.js]
[fll-events.firstisrael.org.il/_next/static/chunks/899fb391080d021d.js]
[fll-events.firstisrael.org.il/_next/static/chunks/a5760497f1442944.js]
[fll-events.firstisrael.org.il/_next/static/chunks/849fc9ec9e6d66f8.js]
[fll-events.firstisrael.org.il/_next/static/chunks/7da525388cd7bfcc.js]
[fll-events.firstisrael.org.il/_next/static/chunks/37cbee29cc153411.js]
[fll-events.firstisrael.org.il/_next/static/chunks/5e50f011ad6a5ec9.js]
[fll-events.firstisrael.org.il/_next/static/chunks/e821ff71d21bbd06.js]
[fll-events.firstisrael.org.il/_next/static/chunks/aba0e7a390d5a52a.js]
[backblue.gif]
[fade.gif]
[index.html]
[fll-events.firstisrael.org.il/_next/static/chunks/275f674668da69e8.js]
[fll-events.firstisrael.org.il/_next/static/chunks/a6dad97d9634a72d.js]
[fll-events.firstisrael.org.il/tools/scorer.html]
[fll-events.firstisrael.org.il/tools/scorer9ed2.html]
[fll-events.firstisrael.org.il/_next/static/chunks/3391fcb4957e432d.css]
[fll-events.firstisrael.org.il/tools/scorer.html]
[fll-events.firstisrael.org.il/tools/rubrics.html]
[fll-events.firstisrael.org.il/_next/static/chunks/a313812f6236d7ef.js]
[fll-events.firstisrael.org.il/tools/rubrics.html]
[fll-events.firstisrael.org.il/_next/static/chunks/580d5757053c64d6.js]
